[	24-02-2020 18:27:30	] [KICK ACTION] Player: ^8Majky_SK has kicked: BikerCz97 for: You have been kicked. Reason: Davam vam kick aby ste sa ukludnili, nabuduce nemixuj, a nenadavaj.
[	25-02-2020 17:24:18	] [BAN ACTION] A new ban record has been added. Player: 'awa' was banned by '8Majky_SK' for 'PassiveRP' until '2/25/2020 6:24:18 PM'.
[	25-02-2020 17:25:17	] [KICK ACTION] Player: ^8Majky_SK has kicked: Frejx for: You have been kicked. Reason: Spam reportov ukludni sa.
[	25-02-2020 17:38:48	] [KICK ACTION] Player: ^8Majky_SK has kicked: vasek15 for: You have been kicked. Reason: ukludni sa.
[	26-02-2020 20:48:42	] [BAN ACTION] The following ban record has been removed (player unbanned). The player has been unbanned because their ban duration expired. [Player: awa was banned by 8Majky_SK for PassiveRP until 2/25/2020 6:24:18 PM.]
[	28-02-2020 16:13:35	] [KICK ACTION] Player: ^8KOBY has kicked: Master(kristian_lynx) for: You have been kicked. Reason: Klid.
[	29-02-2020 23:28:53	] [BAN ACTION] A new ban record has been added. Player: 'yeetus' was banned by '8Majky_SK' for 'Trolling. ' until '1/1/3000 12:00:00 AM'.
[	29-02-2020 23:40:59	] [BAN ACTION] A new ban record has been added. Player: 'Zeiter' was banned by '8Majky_SK' for 'FearRP, kradez pd vozidla, Trolling' until '3/9/2020 7:40:59 AM'.
[	01-03-2020 02:10:35	] [KICK ACTION] Player: ^8GOLDY™ has kicked: ^1Nabi for: You have been kicked. Reason: NonRpInjuries.
[	02-03-2020 16:38:28	] [KICK ACTION] Player: ^8Majky_SK has kicked: -JaKKub- for: You have been kicked. Reason: ukludni sa.
[	02-03-2020 18:58:33	] [KICK ACTION] Player: ^8Majky_SK has kicked: atkeeman for: You have been kicked. Reason: AFK+FAIL.
[	03-03-2020 17:26:11	] [KICK ACTION] Player: ^8Danger59 has kicked: Marekus for: You have been kicked. Reason: NonRPdriving, Nonrp injuries.
[	03-03-2020 18:23:58	] [BAN ACTION] A new ban record has been added. Player: 'vailloneu' was banned by '8Majky_SK' for 'NonRPinjuries, NonRPdriving' until '3/7/2020 10:23:58 PM'.
[	04-03-2020 00:14:27	] [BAN ACTION] The following ban record has been removed (player unbanned). [Player: yeetus was banned by 8Majky_SK for Trolling.  until 1/1/3000 12:00:00 AM.]
[	04-03-2020 00:14:30	] [BAN ACTION] The following ban record has been removed (player unbanned). [Player: Zeiter was banned by 8Majky_SK for FearRP, kradez pd vozidla, Trolling until 3/9/2020 7:40:59 AM.]
[	04-03-2020 00:14:34	] [BAN ACTION] The following ban record has been removed (player unbanned). [Player: vailloneu was banned by 8Majky_SK for NonRPinjuries, NonRPdriving until 3/7/2020 10:23:58 PM.]
[	04-03-2020 20:13:05	] [KICK ACTION] Player: ^8KOBY has kicked: 💀✖▶EliteAceCZE◀✖💀 for: You have been kicked. Reason: ..
[	05-03-2020 18:40:53	] [KICK ACTION] Player: ^8Majky_SK has kicked: PankekFace for: You have been kicked. Reason: Nauc sa pravidla a odpovedaj do /do.
[	08-03-2020 20:16:12	] [KICK ACTION] Player: ^6𝓛𝓪𝓭𝓸𝓾𝓈𝓮k has kicked: realty for: You have been kicked. Reason: Ninja Jacking.
[	15-05-2020 18:33:42	] [KICK ACTION] Player: Honza_X has kicked: rakosnik for: You have been kicked. Reason: sedsd.
[	15-05-2020 19:12:38	] [KICK ACTION] Player: Honza_X has kicked: VITMAN for: You have been kicked. Reason: nepripojuj se.
[	15-05-2020 19:14:14	] [KICK ACTION] Player: Honza_X has kicked: Cloudz for: You have been kicked. Reason: neprouojuj se.
[	15-05-2020 19:14:31	] [KICK ACTION] Player: Honza_X has kicked: Toilet_paper for: You have been kicked. Reason: nepripjuj se.
[	15-05-2020 21:17:06	] [BAN ACTION] A new ban record has been added. Player: 'luky181175' was banned by 'Honza_X' for 'Banned by staff.' until '05/15/2020 22:17:06'.
[	15-05-2020 21:17:28	] [KICK ACTION] Player: Honza_X has kicked: VITMAN for: You have been kicked. Reason: nepoj se.
[	16-05-2020 09:42:12	] [BAN ACTION] The following ban record has been removed (player unbanned). The player has been unbanned because their ban duration expired. [Player: luky181175 was banned by Honza_X for Banned by staff. until 5/15/2020 10:17:06 PM.]
[	16-05-2020 21:33:50	] [BAN ACTION] A new ban record has been added. Player: 'Pernek' was banned by 'Honza_X' for 'Cheating' until '01/01/3000 00:00:00'.
[	16-05-2020 21:47:33	] [KICK ACTION] Player: John Walker has kicked: enzo for: You have been kicked. Reason: Powergaming.
[	16-05-2020 22:35:44	] [BAN ACTION] A new ban record has been added. Player: 'Frenku ty VOLE' was banned by 'John Walker' for 'Banned by staff.' until '01/01/3000 00:00:00'.
[	16-05-2020 22:53:09	] [BAN ACTION] The following ban record has been removed (player unbanned). [Player: Frenku ty VOLE was banned by John Walker for Banned by staff. until 01/01/3000 00:00:00.]
[	17-05-2020 15:19:10	] [BAN ACTION] A new ban record has been added. Player: 'A1damkq' was banned by 'Honza_X' for 'Urazeni AT , Honza_X' until '05/19/2020 15:19:10'.
